<?xml version="1.0" encoding="UTF-8"?>
<testsuite xmlns:xsi="http://www.w3.org/2001/XMLSchema-instance" xsi:noNamespaceSchemaLocation="https://maven.apache.org/surefire/maven-surefire-plugin/xsd/surefire-test-report-3.0.xsd" version="3.0" name="TestCodePart1" time="0.354" tests="4" errors="0" skipped="0" failures="0">
  <properties>
    <property name="java.specification.version" value="18"/>
    <property name="sun.cpu.isalist" value="amd64"/>
    <property name="sun.jnu.encoding" value="Cp1252"/>
    <property name="java.class.path" value="C:\Users\16377\CSE464YueFang\target\test-classes;C:\Users\16377\CSE464YueFang\target\classes;C:\Users\16377\.m2\repository\junit\junit\4.13-beta-1\junit-4.13-beta-1.jar;C:\Users\16377\.m2\repository\org\hamcrest\hamcrest-core\1.3\hamcrest-core-1.3.jar;C:\Users\16377\.m2\repository\org\jgrapht\jgrapht-core\1.5.0\jgrapht-core-1.5.0.jar;C:\Users\16377\.m2\repository\org\jheaps\jheaps\0.13\jheaps-0.13.jar;C:\Users\16377\.m2\repository\org\jgrapht\jgrapht-io\1.5.0\jgrapht-io-1.5.0.jar;C:\Users\16377\.m2\repository\org\antlr\antlr4-runtime\4.8-1\antlr4-runtime-4.8-1.jar;C:\Users\16377\.m2\repository\org\apache\commons\commons-text\1.8\commons-text-1.8.jar;C:\Users\16377\.m2\repository\org\apache\commons\commons-lang3\3.9\commons-lang3-3.9.jar;C:\Users\16377\.m2\repository\org\jgrapht\jgrapht-ext\1.5.0\jgrapht-ext-1.5.0.jar;C:\Users\16377\.m2\repository\com\github\vlsi\mxgraph\jgraphx\4.0.5\jgraphx-4.0.5.jar;C:\Users\16377\.m2\repository\in\yajnesh\util\java-util\1.0.0\java-util-1.0.0.jar;"/>
    <property name="java.vm.vendor" value="Oracle Corporation"/>
    <property name="sun.arch.data.model" value="64"/>
    <property name="user.variant" value=""/>
    <property name="java.vendor.url" value="https://java.oracle.com/"/>
    <property name="user.timezone" value="America/Phoenix"/>
    <property name="user.country.format" value="CN"/>
    <property name="os.name" value="Windows 11"/>
    <property name="java.vm.specification.version" value="18"/>
    <property name="sun.java.launcher" value="SUN_STANDARD"/>
    <property name="user.country" value="US"/>
    <property name="sun.boot.library.path" value="C:\Program Files\Java\jdk-18\bin"/>
    <property name="sun.java.command" value="C:\Users\16377\AppData\Local\Temp\surefire17130778624287739408\surefirebooter-20230328205614594_3.jar C:\Users\16377\AppData\Local\Temp\surefire17130778624287739408 2023-03-28T20-56-14_020-jvmRun1 surefire-20230328205614594_1tmp surefire_0-20230328205614594_2tmp"/>
    <property name="jdk.debug" value="release"/>
    <property name="surefire.test.class.path" value="C:\Users\16377\CSE464YueFang\target\test-classes;C:\Users\16377\CSE464YueFang\target\classes;C:\Users\16377\.m2\repository\junit\junit\4.13-beta-1\junit-4.13-beta-1.jar;C:\Users\16377\.m2\repository\org\hamcrest\hamcrest-core\1.3\hamcrest-core-1.3.jar;C:\Users\16377\.m2\repository\org\jgrapht\jgrapht-core\1.5.0\jgrapht-core-1.5.0.jar;C:\Users\16377\.m2\repository\org\jheaps\jheaps\0.13\jheaps-0.13.jar;C:\Users\16377\.m2\repository\org\jgrapht\jgrapht-io\1.5.0\jgrapht-io-1.5.0.jar;C:\Users\16377\.m2\repository\org\antlr\antlr4-runtime\4.8-1\antlr4-runtime-4.8-1.jar;C:\Users\16377\.m2\repository\org\apache\commons\commons-text\1.8\commons-text-1.8.jar;C:\Users\16377\.m2\repository\org\apache\commons\commons-lang3\3.9\commons-lang3-3.9.jar;C:\Users\16377\.m2\repository\org\jgrapht\jgrapht-ext\1.5.0\jgrapht-ext-1.5.0.jar;C:\Users\16377\.m2\repository\com\github\vlsi\mxgraph\jgraphx\4.0.5\jgraphx-4.0.5.jar;C:\Users\16377\.m2\repository\in\yajnesh\util\java-util\1.0.0\java-util-1.0.0.jar;"/>
    <property name="sun.cpu.endian" value="little"/>
    <property name="user.home" value="C:\Users\16377"/>
    <property name="user.language" value="en"/>
    <property name="java.specification.vendor" value="Oracle Corporation"/>
    <property name="java.version.date" value="2022-03-22"/>
    <property name="java.home" value="C:\Program Files\Java\jdk-18"/>
    <property name="file.separator" value="\"/>
    <property name="basedir" value="C:\Users\16377\CSE464YueFang"/>
    <property name="java.vm.compressedOopsMode" value="Zero based"/>
    <property name="line.separator" value="&#10;"/>
    <property name="java.vm.specification.vendor" value="Oracle Corporation"/>
    <property name="java.specification.name" value="Java Platform API Specification"/>
    <property name="surefire.real.class.path" value="C:\Users\16377\AppData\Local\Temp\surefire17130778624287739408\surefirebooter-20230328205614594_3.jar"/>
    <property name="user.script" value=""/>
    <property name="sun.management.compiler" value="HotSpot 64-Bit Tiered Compilers"/>
    <property name="java.runtime.version" value="18+36-2087"/>
    <property name="user.name" value="16377"/>
    <property name="path.separator" value=";"/>
    <property name="os.version" value="10.0"/>
    <property name="java.runtime.name" value="Java(TM) SE Runtime Environment"/>
    <property name="file.encoding" value="UTF-8"/>
    <property name="java.vm.name" value="Java HotSpot(TM) 64-Bit Server VM"/>
    <property name="localRepository" value="C:\Users\16377\.m2\repository"/>
    <property name="java.vendor.url.bug" value="https://bugreport.java.com/bugreport/"/>
    <property name="java.io.tmpdir" value="C:\Users\16377\AppData\Local\Temp\"/>
    <property name="java.version" value="18"/>
    <property name="user.dir" value="C:\Users\16377\CSE464YueFang"/>
    <property name="os.arch" value="amd64"/>
    <property name="java.vm.specification.name" value="Java Virtual Machine Specification"/>
    <property name="user.language.format" value="zh"/>
    <property name="sun.os.patch.level" value=""/>
    <property name="native.encoding" value="Cp1252"/>
    <property name="java.library.path" value="C:\Program Files\Java\jdk-18\bin;C:\WINDOWS\Sun\Java\bin;C:\WINDOWS\system32;C:\WINDOWS;C:\Program Files (x86)\Common Files\Oracle\Java\javapath;C:\Program Files (x86)\Razer Chroma SDK\bin;C:\Program Files\Razer Chroma SDK\bin;C:\Program Files (x86)\Razer\ChromaBroadcast\bin;C:\Program Files\Razer\ChromaBroadcast\bin;C:\WINDOWS\System32;C:\WINDOWS\system32\config\systemprofile\AppData\Local\Microsoft\WindowsApps;C:\Program Files\NVIDIA Corporation\NVIDIA NvDLISR;C:\Program Files\PostgreSQL\13\bin;C:\Program Files\Git\cmd;C:\Program Files\nodejs\;C:\WINDOWS\system32;C:\WINDOWS;C:\WINDOWS\System32\Wbem;C:\WINDOWS\System32\WindowsPowerShell\v1.0\;C:\WINDOWS\System32\OpenSSH\;C:\Users\16377\Downloads\apache-maven-4.0.0-alpha-5-bin\apache-maven-4.0.0-alpha-5\bin;C:\Users\16377\AppData\Local\Programs\Python\Python311\Scripts\;C:\Users\16377\AppData\Local\Programs\Python\Python311\;C:\Program Files\PostgreSQL\13\bin;C:\Users\16377\AppData\Roaming\npm;C:\Users\16377\AppData\Local\Programs\Microsoft VS Code\bin;C:\Users\16377\AppData\Local\Microsoft\WindowsApps;;."/>
    <property name="java.vm.info" value="mixed mode, sharing"/>
    <property name="java.vendor" value="Oracle Corporation"/>
    <property name="java.vm.version" value="18+36-2087"/>
    <property name="sun.io.unicode.encoding" value="UnicodeLittle"/>
    <property name="java.class.version" value="62.0"/>
  </properties>
  <testcase name="testFeature1" classname="TestCodePart1" time="0.062"/>
  <testcase name="testFeature2" classname="TestCodePart1" time="0.002"/>
  <testcase name="testFeature3" classname="TestCodePart1" time="0.002"/>
  <testcase name="testFeature4" classname="TestCodePart1" time="0.255"/>
</testsuite>